<?xml version="1.0" encoding="UTF-8"?>
<robot generator="Robot 3.2.1 (Python 3.8.5 on win32)" generated="20200804 17:35:01.077" rpa="false">
<suite id="s1" name="RB Project1" source="C:\Users\dinesh.gandhi\Desktop\Tools\ECP_Workspace2020\RB Project1">
<suite id="s1-s1" name="Test" source="C:\Users\dinesh.gandhi\Desktop\Tools\ECP_Workspace2020\RB Project1\Test">
<suite id="s1-s1-s1" name="Testsuite1" source="C:\Users\dinesh.gandhi\Desktop\Tools\ECP_Workspace2020\RB Project1\Test\Testsuite1.robot">
<kw name="Log" library="BuiltIn" type="setup">
<doc>Logs the given message with the given level.</doc>
<arguments>
<arg>i am in test suite setup</arg>
</arguments>
<msg timestamp="20200804 17:35:01.437" level="INFO">i am in test suite setup</msg>
<status status="PASS" starttime="20200804 17:35:01.436" endtime="20200804 17:35:01.437"></status>
</kw>
<test id="s1-s1-s1-t1" name="MyFirsttest">
<kw name="Log" library="BuiltIn" type="setup">
<doc>Logs the given message with the given level.</doc>
<arguments>
<arg>i am inside test setup</arg>
</arguments>
<msg timestamp="20200804 17:35:01.438" level="INFO">i am inside test setup</msg>
<status status="PASS" starttime="20200804 17:35:01.438" endtime="20200804 17:35:01.438"></status>
</kw>
<kw name="Log" library="BuiltIn">
<doc>Logs the given message with the given level.</doc>
<arguments>
<arg>Hello World</arg>
</arguments>
<msg timestamp="20200804 17:35:01.439" level="INFO">Hello World</msg>
<status status="PASS" starttime="20200804 17:35:01.439" endtime="20200804 17:35:01.439"></status>
</kw>
<kw name="Log" library="BuiltIn" type="teardown">
<doc>Logs the given message with the given level.</doc>
<arguments>
<arg>i am inside test teardown</arg>
</arguments>
<msg timestamp="20200804 17:35:01.440" level="INFO">i am inside test teardown</msg>
<status status="PASS" starttime="20200804 17:35:01.440" endtime="20200804 17:35:01.440"></status>
</kw>
<tags>
<tag>sanity</tag>
</tags>
<status status="PASS" starttime="20200804 17:35:01.437" endtime="20200804 17:35:01.440" critical="yes"></status>
</test>
<test id="s1-s1-s1-t2" name="Frist seleniumTest">
<kw name="Log" library="BuiltIn" type="setup">
<doc>Logs the given message with the given level.</doc>
<arguments>
<arg>i am inside test setup</arg>
</arguments>
<msg timestamp="20200804 17:35:01.442" level="INFO">i am inside test setup</msg>
<status status="PASS" starttime="20200804 17:35:01.442" endtime="20200804 17:35:01.442"></status>
</kw>
<kw name="Open Browser" library="SeleniumLibrary">
<doc>Opens a new browser instance to the optional ``url``.</doc>
<arguments>
<arg>https:google.com</arg>
<arg>chrome</arg>
</arguments>
<msg timestamp="20200804 17:35:01.443" level="INFO">Opening browser 'chrome' to base url 'https:google.com'.</msg>
<status status="PASS" starttime="20200804 17:35:01.443" endtime="20200804 17:35:06.317"></status>
</kw>
<kw name="Set Browser Implicit Wait" library="SeleniumLibrary">
<doc>Sets the implicit wait value used by Selenium.</doc>
<arguments>
<arg>5</arg>
</arguments>
<status status="PASS" starttime="20200804 17:35:06.318" endtime="20200804 17:35:06.321"></status>
</kw>
<kw name="Input Text" library="SeleniumLibrary">
<doc>Types the given ``text`` into the text field identified by ``locator``.</doc>
<arguments>
<arg>name=q</arg>
<arg>worldvision</arg>
</arguments>
<msg timestamp="20200804 17:35:06.323" level="INFO">Typing text 'worldvision' into text field 'name=q'.</msg>
<status status="PASS" starttime="20200804 17:35:06.322" endtime="20200804 17:35:06.481"></status>
</kw>
<kw name="Press Keys" library="SeleniumLibrary">
<doc>Simulates the user pressing key(s) to an element or on the active browser.</doc>
<arguments>
<arg>name=q</arg>
<arg>ENTER</arg>
</arguments>
<msg timestamp="20200804 17:35:06.482" level="INFO">Sending key(s) ('ENTER',) to name=q element.</msg>
<msg timestamp="20200804 17:35:06.802" level="INFO">Pressing special key ENTER to element.</msg>
<msg timestamp="20200804 17:35:06.803" level="INFO">Releasing special key ENTER.</msg>
<status status="PASS" starttime="20200804 17:35:06.482" endtime="20200804 17:35:08.399"></status>
</kw>
<kw name="Sleep" library="BuiltIn">
<doc>Pauses the test executed for the given time.</doc>
<arguments>
<arg>5</arg>
</arguments>
<msg timestamp="20200804 17:35:13.411" level="INFO">Slept 5 seconds</msg>
<status status="PASS" starttime="20200804 17:35:08.400" endtime="20200804 17:35:13.411"></status>
</kw>
<kw name="Close Browser" library="SeleniumLibrary">
<doc>Closes the current browser.</doc>
<status status="PASS" starttime="20200804 17:35:13.412" endtime="20200804 17:35:15.618"></status>
</kw>
<kw name="Log" library="BuiltIn">
<doc>Logs the given message with the given level.</doc>
<arguments>
<arg>Test completed</arg>
</arguments>
<msg timestamp="20200804 17:35:15.620" level="INFO">Test completed</msg>
<status status="PASS" starttime="20200804 17:35:15.619" endtime="20200804 17:35:15.620"></status>
</kw>
<kw name="Log" library="BuiltIn" type="teardown">
<doc>Logs the given message with the given level.</doc>
<arguments>
<arg>i am inside test teardown</arg>
</arguments>
<msg timestamp="20200804 17:35:15.621" level="INFO">i am inside test teardown</msg>
<status status="PASS" starttime="20200804 17:35:15.621" endtime="20200804 17:35:15.621"></status>
</kw>
<tags>
<tag>google search</tag>
</tags>
<status status="PASS" starttime="20200804 17:35:01.441" endtime="20200804 17:35:15.621" critical="yes"></status>
</test>
<test id="s1-s1-s1-t3" name="SampleLoginTests">
<kw name="Log" library="BuiltIn" type="setup">
<doc>Logs the given message with the given level.</doc>
<arguments>
<arg>i am inside test setup</arg>
</arguments>
<msg timestamp="20200804 17:35:15.624" level="INFO">i am inside test setup</msg>
<status status="PASS" starttime="20200804 17:35:15.623" endtime="20200804 17:35:15.624"></status>
</kw>
<kw name="Open Browser" library="SeleniumLibrary">
<doc>Opens a new browser instance to the optional ``url``.</doc>
<arguments>
<arg>${url}</arg>
<arg>chrome</arg>
</arguments>
<msg timestamp="20200804 17:35:15.625" level="INFO">Opening browser 'chrome' to base url 'https://opensource-demo.orangehrmlive.com'.</msg>
<status status="PASS" starttime="20200804 17:35:15.624" endtime="20200804 17:35:22.163"></status>
</kw>
<kw name="Set Browser Implicit Wait" library="SeleniumLibrary">
<doc>Sets the implicit wait value used by Selenium.</doc>
<arguments>
<arg>5</arg>
</arguments>
<status status="PASS" starttime="20200804 17:35:22.164" endtime="20200804 17:35:22.170"></status>
</kw>
<kw name="LoginKW">
<kw name="Input Text" library="SeleniumLibrary">
<doc>Types the given ``text`` into the text field identified by ``locator``.</doc>
<arguments>
<arg>id=txtUsername</arg>
<arg>@{CREDENTIALS}[0]</arg>
</arguments>
<msg timestamp="20200804 17:35:22.172" level="WARN">Accessing variable items using '@{CREDENTIALS}[0]' syntax is deprecated. Use '${CREDENTIALS}[0]' instead.</msg>
<msg timestamp="20200804 17:35:22.172" level="INFO">Typing text 'Admin' into text field 'id=txtUsername'.</msg>
<status status="PASS" starttime="20200804 17:35:22.171" endtime="20200804 17:35:22.313"></status>
</kw>
<kw name="Input Password" library="SeleniumLibrary">
<doc>Types the given password into the text field identified by ``locator``.</doc>
<arguments>
<arg>id=txtPassword</arg>
<arg>&amp;{LOGIN DATE}[password]</arg>
</arguments>
<msg timestamp="20200804 17:35:22.314" level="WARN">Accessing variable items using '&amp;{LOGIN DATE}[password]' syntax is deprecated. Use '${LOGIN DATE}[password]' instead.</msg>
<msg timestamp="20200804 17:35:22.315" level="INFO">Typing password into text field 'id=txtPassword'.</msg>
<msg timestamp="20200804 17:35:22.380" level="INFO">Temporally setting log level to: NONE</msg>
<msg timestamp="20200804 17:35:22.452" level="INFO">Log level changed from NONE to INFO.</msg>
<status status="PASS" starttime="20200804 17:35:22.314" endtime="20200804 17:35:22.452"></status>
</kw>
<kw name="Click Button" library="SeleniumLibrary">
<doc>Clicks the button identified by ``locator``.</doc>
<arguments>
<arg>id=btnLogin</arg>
</arguments>
<msg timestamp="20200804 17:35:22.453" level="INFO">Clicking button 'id=btnLogin'.</msg>
<status status="PASS" starttime="20200804 17:35:22.452" endtime="20200804 17:35:25.634"></status>
</kw>
<status status="PASS" starttime="20200804 17:35:22.170" endtime="20200804 17:35:25.636"></status>
</kw>
<kw name="Click Element" library="SeleniumLibrary">
<doc>Click the element identified by ``locator``.</doc>
<arguments>
<arg>id=welcome</arg>
</arguments>
<msg timestamp="20200804 17:35:25.637" level="INFO">Clicking element 'id=welcome'.</msg>
<status status="PASS" starttime="20200804 17:35:25.636" endtime="20200804 17:35:27.133"></status>
</kw>
<kw name="Click Element" library="SeleniumLibrary">
<doc>Click the element identified by ``locator``.</doc>
<arguments>
<arg>link=Logout</arg>
</arguments>
<msg timestamp="20200804 17:35:27.135" level="INFO">Clicking element 'link=Logout'.</msg>
<status status="PASS" starttime="20200804 17:35:27.134" endtime="20200804 17:35:28.036"></status>
</kw>
<kw name="Sleep" library="BuiltIn">
<doc>Pauses the test executed for the given time.</doc>
<arguments>
<arg>3</arg>
</arguments>
<msg timestamp="20200804 17:35:31.040" level="INFO">Slept 3 seconds</msg>
<status status="PASS" starttime="20200804 17:35:28.037" endtime="20200804 17:35:31.040"></status>
</kw>
<kw name="Close Browser" library="SeleniumLibrary">
<doc>Closes the current browser.</doc>
<status status="PASS" starttime="20200804 17:35:31.041" endtime="20200804 17:35:33.267"></status>
</kw>
<kw name="Log" library="BuiltIn">
<doc>Logs the given message with the given level.</doc>
<arguments>
<arg>Test complete</arg>
</arguments>
<msg timestamp="20200804 17:35:33.268" level="INFO">Test complete</msg>
<status status="PASS" starttime="20200804 17:35:33.268" endtime="20200804 17:35:33.269"></status>
</kw>
<kw name="Log" library="BuiltIn">
<doc>Logs the given message with the given level.</doc>
<arguments>
<arg>This test was done by %{username} on %{os}</arg>
</arguments>
<msg timestamp="20200804 17:35:33.269" level="INFO">This test was done by dinesh.gandhi on Windows_NT</msg>
<status status="PASS" starttime="20200804 17:35:33.269" endtime="20200804 17:35:33.270"></status>
</kw>
<kw name="Log" library="BuiltIn" type="teardown">
<doc>Logs the given message with the given level.</doc>
<arguments>
<arg>i am inside test teardown</arg>
</arguments>
<msg timestamp="20200804 17:35:33.270" level="INFO">i am inside test teardown</msg>
<status status="PASS" starttime="20200804 17:35:33.270" endtime="20200804 17:35:33.271"></status>
</kw>
<doc>sample logintest</doc>
<tags>
<tag>Login</tag>
</tags>
<status status="PASS" starttime="20200804 17:35:15.622" endtime="20200804 17:35:33.271" critical="yes"></status>
</test>
<kw name="Log" library="BuiltIn" type="teardown">
<doc>Logs the given message with the given level.</doc>
<arguments>
<arg>i am inside test suite tear down</arg>
</arguments>
<msg timestamp="20200804 17:35:33.272" level="INFO">i am inside test suite tear down</msg>
<status status="PASS" starttime="20200804 17:35:33.272" endtime="20200804 17:35:33.273"></status>
</kw>
<status status="PASS" starttime="20200804 17:35:01.157" endtime="20200804 17:35:33.273"></status>
</suite>
<status status="PASS" starttime="20200804 17:35:01.152" endtime="20200804 17:35:33.276"></status>
</suite>
<status status="PASS" starttime="20200804 17:35:01.121" endtime="20200804 17:35:33.280"></status>
</suite>
<statistics>
<total>
<stat pass="3" fail="0">Critical Tests</stat>
<stat pass="3" fail="0">All Tests</stat>
</total>
<tag>
<stat pass="1" fail="0">google search</stat>
<stat pass="1" fail="0">Login</stat>
<stat pass="1" fail="0">sanity</stat>
</tag>
<suite>
<stat pass="3" fail="0" id="s1" name="RB Project1">RB Project1</stat>
<stat pass="3" fail="0" id="s1-s1" name="Test">RB Project1.Test</stat>
<stat pass="3" fail="0" id="s1-s1-s1" name="Testsuite1">RB Project1.Test.Testsuite1</stat>
</suite>
</statistics>
<errors>
<msg timestamp="20200804 17:35:22.172" level="WARN">Accessing variable items using '@{CREDENTIALS}[0]' syntax is deprecated. Use '${CREDENTIALS}[0]' instead.</msg>
<msg timestamp="20200804 17:35:22.314" level="WARN">Accessing variable items using '&amp;{LOGIN DATE}[password]' syntax is deprecated. Use '${LOGIN DATE}[password]' instead.</msg>
</errors>
</robot>
